"../../../Engine/Content/Functions/Engine_MaterialFunctions01/Shading/PowerToRoughness.uasset" 0
"../../../Engine/Content/Functions/Engine_MaterialFunctions01/Shading/PowerToRoughness.uexp" 1
"../../../Engine/Content/EngineSounds/Master.uasset" 2
"../../../Engine/Content/EngineSounds/Master.uexp" 3
"../../../Engine/Content/EngineSky/VolumetricClouds/CloudWeatherTexture.uasset" 4
"../../../Engine/Content/EngineSky/VolumetricClouds/CloudWeatherTexture.uexp" 5
"../../../Engine/Content/Functions/Engine_MaterialFunctions02/Utility/MakeFloat2.uasset" 6
"../../../Engine/Content/Functions/Engine_MaterialFunctions02/Utility/MakeFloat2.uexp" 7
"../../../Engine/Content/EngineSky/VolumetricClouds/CloudGradientTexture.uasset" 8
"../../../Engine/Content/EngineSky/VolumetricClouds/CloudGradientTexture.uexp" 9
"../../../Engine/Content/EngineSky/VolumetricClouds/T_NoiseShape64.ubulk" 10
"../../../Engine/Content/EngineSky/VolumetricClouds/T_NoiseShape64.uasset" 11
"../../../Engine/Content/EngineSky/VolumetricClouds/T_NoiseShape64.uexp" 12
"../../../Engine/Content/EngineSky/VolumetricClouds/T_VolumeNoiseShape64.uasset" 13
"../../../Engine/Content/EngineSky/VolumetricClouds/T_VolumeNoiseShape64.uexp" 14
"../../../Engine/Content/EngineSky/VolumetricClouds/T_NoiseErosion.ubulk" 15
"../../../Engine/Content/EngineSky/VolumetricClouds/T_NoiseErosion.uasset" 16
"../../../Engine/Content/EngineSky/VolumetricClouds/T_NoiseErosion.uexp" 17
"../../../Engine/Content/EngineSky/VolumetricClouds/T_VolumeNoiseErosion32.uasset" 18
"../../../Engine/Content/EngineSky/VolumetricClouds/T_VolumeNoiseErosion32.uexp" 19
"../../../Engine/Content/EngineSky/VolumetricClouds/m_SimpleVolumetricCloud.uasset" 20
"../../../Engine/Content/EngineSky/VolumetricClouds/m_SimpleVolumetricCloud.uexp" 21
"../../../Engine/Content/EngineSky/VolumetricClouds/m_SimpleVolumetricCloud_Inst.uasset" 22
"../../../Engine/Content/EngineSky/VolumetricClouds/m_SimpleVolumetricCloud_Inst.uexp" 23
"../../../Engine/Content/EngineResources/GradientTexture0.uasset" 24
"../../../Engine/Content/EngineResources/GradientTexture0.uexp" 25
"../../../Engine/Content/EngineResources/DefaultVolumeTexture2D.uasset" 26
"../../../Engine/Content/EngineResources/DefaultVolumeTexture2D.uexp" 27
"../../../Engine/Content/EngineResources/DefaultVolumeTexture.uasset" 28
"../../../Engine/Content/EngineResources/DefaultVolumeTexture.uexp" 29
"../../../Engine/Content/EngineResources/DefaultTextureCube.uasset" 30
"../../../Engine/Content/EngineResources/DefaultTextureCube.uexp" 31
"../../../Engine/Content/EngineResources/DefaultTexture.ubulk" 32
"../../../Engine/Content/EngineResources/DefaultTexture.uasset" 33
"../../../Engine/Content/EngineResources/DefaultTexture.uexp" 34
"../../../Engine/Content/EngineResources/Black.uasset" 35
"../../../Engine/Content/EngineResources/Black.uexp" 36
"../../../Engine/Content/EngineResources/FilmGrains/Marcie_Grain_v3_128_M2_000.uasset" 37
"../../../Engine/Content/EngineResources/FilmGrains/Marcie_Grain_v3_128_M2_000.uexp" 38
"../../../Engine/Content/EngineMeshes/Sphere.ubulk" 39
"../../../Engine/Content/EngineMeshes/Sphere.uasset" 40
"../../../Engine/Content/EngineMeshes/Sphere.uexp" 41
"../../../Engine/Content/EngineResources/WhiteSquareTexture.uasset" 42
"../../../Engine/Content/EngineResources/WhiteSquareTexture.uexp" 43
"../../../Engine/Content/EngineMaterials/Widget3DPassThrough.uasset" 44
"../../../Engine/Content/EngineMaterials/Widget3DPassThrough.uexp" 45
"../../../Engine/Content/EngineMaterials/Widget3DPassThrough_Translucent.uasset" 46
"../../../Engine/Content/EngineMaterials/Widget3DPassThrough_Translucent.uexp" 47
"../../../Engine/Content/EngineMaterials/Widget3DPassThrough_Translucent_OneSided.uasset" 48
"../../../Engine/Content/EngineMaterials/Widget3DPassThrough_Translucent_OneSided.uexp" 49
"../../../Engine/Content/EngineMaterials/Widget3DPassThrough_Opaque.uasset" 50
"../../../Engine/Content/EngineMaterials/Widget3DPassThrough_Opaque.uexp" 51
"../../../Engine/Content/EngineMaterials/Widget3DPassThrough_Opaque_OneSided.uasset" 52
"../../../Engine/Content/EngineMaterials/Widget3DPassThrough_Opaque_OneSided.uexp" 53
"../../../Engine/Content/EngineMaterials/Widget3DPassThrough_Masked_OneSided.uasset" 54
"../../../Engine/Content/EngineMaterials/Widget3DPassThrough_Masked_OneSided.uexp" 55
"../../../Engine/Content/EngineMaterials/Widget3DPassThrough_Masked.uasset" 56
"../../../Engine/Content/EngineMaterials/Widget3DPassThrough_Masked.uexp" 57
"../../../Engine/Content/EngineMaterials/WeightMapPlaceholderTexture.uasset" 58
"../../../Engine/Content/EngineMaterials/WeightMapPlaceholderTexture.uexp" 59
"../../../Engine/Content/EngineMaterials/RemoveSurfaceMaterial.uasset" 60
"../../../Engine/Content/EngineMaterials/RemoveSurfaceMaterial.uexp" 61
"../../../Engine/Content/EngineMaterials/PreintegratedSkinBRDF.uasset" 62
"../../../Engine/Content/EngineMaterials/PreintegratedSkinBRDF.uexp" 63
"../../../Engine/Content/EngineMaterials/DefaultCalibrationGrayscale.uasset" 64
"../../../Engine/Content/EngineMaterials/DefaultCalibrationGrayscale.uexp" 65
"../../../Engine/Content/EngineMaterials/PPM_DefaultCalibrationGrayscale.uasset" 66
"../../../Engine/Content/EngineMaterials/PPM_DefaultCalibrationGrayscale.uexp" 67
"../../../Engine/Content/EngineMaterials/DefaultCalibrationColor.uasset" 68
"../../../Engine/Content/EngineMaterials/DefaultCalibrationColor.uexp" 69
"../../../Engine/Content/EngineMaterials/PPM_DefaultCalibrationColor.uasset" 70
"../../../Engine/Content/EngineMaterials/PPM_DefaultCalibrationColor.uexp" 71
"../../../Engine/Content/Functions/Engine_MaterialFunctions02/WorldPositionOffset/CameraOffset.uasset" 72
"../../../Engine/Content/Functions/Engine_MaterialFunctions02/WorldPositionOffset/CameraOffset.uexp" 73
"../../../Engine/Content/EngineMaterials/PhAT_JointLimitMaterial.uasset" 74
"../../../Engine/Content/EngineMaterials/PhAT_JointLimitMaterial.uexp" 75
"../../../Engine/Content/EngineMaterials/InvalidLightmapSettings.ubulk" 76
"../../../Engine/Content/EngineMaterials/InvalidLightmapSettings.uasset" 77
"../../../Engine/Content/EngineMaterials/InvalidLightmapSettings.uexp" 78
"../../../Engine/Content/EngineMaterials/M_InvalidLightmapSettings.uasset" 79
"../../../Engine/Content/EngineMaterials/M_InvalidLightmapSettings.uexp" 80
"../../../Engine/Content/EngineMaterials/MiniFont.uasset" 81
"../../../Engine/Content/EngineMaterials/MiniFont.uexp" 82
"../../../Engine/Content/EngineMaterials/Good64x64TilingNoiseHighFreq.uasset" 83
"../../../Engine/Content/EngineMaterials/Good64x64TilingNoiseHighFreq.uexp" 84
"../../../Engine/Content/EngineMaterials/GizmoMaterial.uasset" 85
"../../../Engine/Content/EngineMaterials/GizmoMaterial.uexp" 86
"../../../Engine/Content/EngineMaterials/BaseFlattenEmissiveMap_VT.uasset" 87
"../../../Engine/Content/EngineMaterials/BaseFlattenEmissiveMap_VT.uexp" 88
"../../../Engine/Content/EngineMaterials/BaseFlattenGrayscaleMap_VT.uasset" 89
"../../../Engine/Content/EngineMaterials/BaseFlattenGrayscaleMap_VT.uexp" 90
"../../../Engine/Content/EngineMaterials/BaseFlattenLinearColor_VT.uasset" 91
"../../../Engine/Content/EngineMaterials/BaseFlattenLinearColor_VT.uexp" 92
"../../../Engine/Content/EngineMaterials/Black_1x1_EXR_Texture_VT.uasset" 93
"../../../Engine/Content/EngineMaterials/Black_1x1_EXR_Texture_VT.uexp" 94
"../../../Engine/Content/EngineMaterials/BaseFlattenDiffuseMap_VT.uasset" 95
"../../../Engine/Content/EngineMaterials/BaseFlattenDiffuseMap_VT.uexp" 96
"../../../Engine/Content/EngineMaterials/BaseFlattenNormalMap_VT.uasset" 97
"../../../Engine/Content/EngineMaterials/BaseFlattenNormalMap_VT.uexp" 98
"../../../Engine/Content/EngineMaterials/FlattenMaterial_WS_Normal_VT.uasset" 99
"../../../Engine/Content/EngineMaterials/FlattenMaterial_WS_Normal_VT.uexp" 100
"../../../Engine/Content/EngineMaterials/FlattenMaterial_VT.uasset" 101
"../../../Engine/Content/EngineMaterials/FlattenMaterial_VT.uexp" 102
"../../../Engine/Content/EngineMaterials/BaseFlattenNormalMap.uasset" 103
"../../../Engine/Content/EngineMaterials/BaseFlattenNormalMap.uexp" 104
"../../../Engine/Content/EngineMaterials/BaseFlattenGrayscaleMap.uasset" 105
"../../../Engine/Content/EngineMaterials/BaseFlattenGrayscaleMap.uexp" 106
"../../../Engine/Content/EngineMaterials/BaseFlattenDiffuseMap.uasset" 107
"../../../Engine/Content/EngineMaterials/BaseFlattenDiffuseMap.uexp" 108
"../../../Engine/Content/Functions/Engine_MaterialFunctions02/PivotPainter2/Black_1x1_EXR_Texture.uasset" 109
"../../../Engine/Content/Functions/Engine_MaterialFunctions02/PivotPainter2/Black_1x1_EXR_Texture.uexp" 110
"../../../Engine/Content/EngineMaterials/BaseFlattenEmissiveMap.uasset" 111
"../../../Engine/Content/EngineMaterials/BaseFlattenEmissiveMap.uexp" 112
"../../../Engine/Content/EngineMaterials/BaseFlattenLinearColor.uasset" 113
"../../../Engine/Content/EngineMaterials/BaseFlattenLinearColor.uexp" 114
"../../../Engine/Content/EngineMaterials/FlattenMaterial.uasset" 115
"../../../Engine/Content/EngineMaterials/FlattenMaterial.uexp" 116
"../../../Engine/Content/EngineMaterials/DefaultWhiteGrid_Low.uasset" 117
"../../../Engine/Content/EngineMaterials/DefaultWhiteGrid_Low.uexp" 118
"../../../Engine/Content/EngineMaterials/EmissiveMeshMaterial.uasset" 119
"../../../Engine/Content/EngineMaterials/EmissiveMeshMaterial.uexp" 120
"../../../Engine/Content/EngineMaterials/DefaultWhiteGrid.ubulk" 121
"../../../Engine/Content/EngineMaterials/DefaultWhiteGrid.uasset" 122
"../../../Engine/Content/EngineMaterials/DefaultWhiteGrid.uexp" 123
"../../../Engine/Content/EngineFonts/RobotoDistanceField.uasset" 124
"../../../Engine/Content/EngineFonts/RobotoDistanceField.uexp" 125
"../../../Engine/Content/EngineMaterials/DefaultTextMaterialOpaque.uasset" 126
"../../../Engine/Content/EngineMaterials/DefaultTextMaterialOpaque.uexp" 127
"../../../Engine/Content/EngineMaterials/DefaultDiffuse.ubulk" 128
"../../../Engine/Content/EngineMaterials/DefaultDiffuse.uasset" 129
"../../../Engine/Content/EngineMaterials/DefaultDiffuse.uexp" 130
"../../../Engine/Content/Functions/Engine_MaterialFunctions02/Utility/BreakOutFloat2Components.uasset" 131
"../../../Engine/Content/Functions/Engine_MaterialFunctions02/Utility/BreakOutFloat2Components.uexp" 132
"../../../Engine/Content/EngineMaterials/DefaultPostProcessMaterial.uasset" 133
"../../../Engine/Content/EngineMaterials/DefaultPostProcessMaterial.uexp" 134
"../../../Engine/Content/EngineMaterials/DefaultLightFunctionMaterial.uasset" 135
"../../../Engine/Content/EngineMaterials/DefaultLightFunctionMaterial.uexp" 136
"../../../Engine/Content/EngineMaterials/DefaultDestructiblePhysicalMaterial.uasset" 137
"../../../Engine/Content/EngineMaterials/DefaultDestructiblePhysicalMaterial.uexp" 138
"../../../Engine/Content/EngineMaterials/DefaultDeferredDecalMaterial.uasset" 139
"../../../Engine/Content/EngineMaterials/DefaultDeferredDecalMaterial.uexp" 140
"../../../Engine/Content/EngineMaterials/DefaultBokeh.uasset" 141
"../../../Engine/Content/EngineMaterials/DefaultBokeh.uexp" 142
"../../../Engine/Content/EngineMaterials/DefaultBloomKernel.uasset" 143
"../../../Engine/Content/EngineMaterials/DefaultBloomKernel.uexp" 144
"../../../Engine/Content/EngineMaterials/BlueNoise.uasset" 145
"../../../Engine/Content/EngineMaterials/BlueNoise.uexp" 146
"../../../Engine/Content/EngineFonts/Faces/RobotoLight.uexp" 147
"../../../Engine/Content/EngineFonts/Faces/RobotoLight.uasset" 148
"../../../Engine/Content/EngineFonts/Faces/RobotoLight.ufont" 149
"../../../Engine/Content/EngineFonts/Faces/RobotoBold.uexp" 150
"../../../Engine/Content/EngineFonts/Faces/RobotoBold.uasset" 151
"../../../Engine/Content/EngineFonts/Faces/RobotoBold.ufont" 152
"../../../Engine/Content/EngineFonts/Faces/RobotoRegular.uexp" 153
"../../../Engine/Content/EngineFonts/Faces/RobotoRegular.uasset" 154
"../../../Engine/Content/EngineFonts/Faces/RobotoRegular.ufont" 155
"../../../Engine/Content/EngineFonts/Faces/DroidSansFallback.uexp" 156
"../../../Engine/Content/EngineFonts/Faces/DroidSansFallback.uasset" 157
"../../../Engine/Content/EngineFonts/Faces/DroidSansFallback.ufont" 158
"../../../Engine/Content/EngineFonts/Faces/RobotoItalic.uexp" 159
"../../../Engine/Content/EngineFonts/Faces/RobotoItalic.uasset" 160
"../../../Engine/Content/EngineFonts/Faces/RobotoItalic.ufont" 161
"../../../Engine/Content/EngineFonts/Faces/RobotoBoldItalic.uexp" 162
"../../../Engine/Content/EngineFonts/Faces/RobotoBoldItalic.uasset" 163
"../../../Engine/Content/EngineFonts/Faces/RobotoBoldItalic.ufont" 164
"../../../Engine/Content/EngineFonts/Roboto.uasset" 165
"../../../Engine/Content/EngineFonts/Roboto.uexp" 166
"../../../Engine/Content/Functions/Engine_MaterialFunctions02/Utility/CameraDirectionVector.uasset" 167
"../../../Engine/Content/Functions/Engine_MaterialFunctions02/Utility/CameraDirectionVector.uexp" 168
"../../../Engine/Content/EngineDebugMaterials/VolumeToRender.uasset" 169
"../../../Engine/Content/EngineDebugMaterials/VolumeToRender.uexp" 170
"../../../Engine/Content/EngineDebugMaterials/M_VolumeRenderSphereTracePP.uasset" 171
"../../../Engine/Content/EngineDebugMaterials/M_VolumeRenderSphereTracePP.uexp" 172
"../../../Engine/Content/EngineDebugMaterials/M_SimpleUnlitTranslucent.uasset" 173
"../../../Engine/Content/EngineDebugMaterials/M_SimpleUnlitTranslucent.uexp" 174
"../../../Engine/Content/EngineDebugMaterials/DebugMeshMaterial.uasset" 175
"../../../Engine/Content/EngineDebugMaterials/DebugMeshMaterial.uexp" 176
"../../../Engine/Content/EngineDebugMaterials/DebugEditorMaterial.uasset" 177
"../../../Engine/Content/EngineDebugMaterials/DebugEditorMaterial.uexp" 178
"../../../Engine/Content/EngineDamageTypes/DmgTypeBP_Environmental.uasset" 179
"../../../Engine/Content/EngineDamageTypes/DmgTypeBP_Environmental.uexp" 180
"../../../Engine/Content/Functions/Engine_MaterialFunctions02/Utility/MakeFloat4.uasset" 181
"../../../Engine/Content/Functions/Engine_MaterialFunctions02/Utility/MakeFloat4.uexp" 182
"../../../Engine/Content/Functions/Engine_MaterialFunctions02/Utility/MakeFloat3.uasset" 183
"../../../Engine/Content/Functions/Engine_MaterialFunctions02/Utility/MakeFloat3.uexp" 184
"../../../Engine/Content/Functions/Engine_MaterialFunctions02/Utility/BreakOutFloat3Components.uasset" 185
"../../../Engine/Content/Functions/Engine_MaterialFunctions02/Utility/BreakOutFloat3Components.uexp" 186
"../../../Engine/Content/EngineMaterials/T_Default_Material_Grid_M.ubulk" 187
"../../../Engine/Content/EngineMaterials/T_Default_Material_Grid_M.uasset" 188
"../../../Engine/Content/EngineMaterials/T_Default_Material_Grid_M.uexp" 189
"../../../Engine/Content/EngineMaterials/T_Default_Material_Grid_N.ubulk" 190
"../../../Engine/Content/EngineMaterials/T_Default_Material_Grid_N.uasset" 191
"../../../Engine/Content/EngineMaterials/T_Default_Material_Grid_N.uexp" 192
"../../../Engine/Content/Functions/Engine_MaterialFunctions01/Opacity/CameraDepthFade.uasset" 193
"../../../Engine/Content/Functions/Engine_MaterialFunctions01/Opacity/CameraDepthFade.uexp" 194
"../../../Engine/Content/EngineMaterials/DefaultMaterial.uasset" 195
"../../../Engine/Content/EngineMaterials/DefaultMaterial.uexp" 196
"../../../Engine/Content/BasicShapes/Sphere.ubulk" 197
"../../../Engine/Content/BasicShapes/Sphere.uasset" 198
"../../../Engine/Content/BasicShapes/Sphere.uexp" 199
"../../../Engine/Content/EngineMaterials/WorldGridMaterial.uasset" 200
"../../../Engine/Content/EngineMaterials/WorldGridMaterial.uexp" 201
"../../../Engine/Content/BasicShapes/Plane.ubulk" 202
"../../../Engine/Content/BasicShapes/Plane.uasset" 203
"../../../Engine/Content/BasicShapes/Plane.uexp" 204
"../../../Engine/Content/BasicShapes/Cylinder.ubulk" 205
"../../../Engine/Content/BasicShapes/Cylinder.uasset" 206
"../../../Engine/Content/BasicShapes/Cylinder.uexp" 207
"../../../Engine/Content/BasicShapes/Cone.ubulk" 208
"../../../Engine/Content/BasicShapes/Cone.uasset" 209
"../../../Engine/Content/BasicShapes/Cone.uexp" 210
"../../../Engine/Content/ArtTools/RenderToTexture/Meshes/S_1_Unit_Plane.ubulk" 211
"../../../Engine/Content/ArtTools/RenderToTexture/Meshes/S_1_Unit_Plane.uasset" 212
"../../../Engine/Content/ArtTools/RenderToTexture/Meshes/S_1_Unit_Plane.uexp" 213
"../../../Engine/Content/MobileResources/HUD/VirtualJoystick_Background.uasset" 214
"../../../Engine/Content/MobileResources/HUD/VirtualJoystick_Background.uexp" 215
"../../../Engine/Content/MobileResources/HUD/VirtualJoystick_Thumb.uasset" 216
"../../../Engine/Content/MobileResources/HUD/VirtualJoystick_Thumb.uexp" 217
"../../../Engine/Content/MobileResources/HUD/DefaultVirtualJoysticks.uasset" 218
"../../../Engine/Content/MobileResources/HUD/DefaultVirtualJoysticks.uexp" 219
"../../../Engine/Content/Tutorial/ContentIntroCurve.uasset" 220
"../../../Engine/Content/Tutorial/ContentIntroCurve.uexp" 221
"../../../Engine/Plugins/2D/Paper2D/Content/PlaceholderTextures/DummySpriteTexture.ubulk" 222
"../../../Engine/Plugins/2D/Paper2D/Content/PlaceholderTextures/DummySpriteTexture.uasset" 223
"../../../Engine/Plugins/2D/Paper2D/Content/PlaceholderTextures/DummySpriteTexture.uexp" 224
"../../../Engine/Plugins/2D/Paper2D/Content/DefaultSpriteMaterial.uasset" 225
"../../../Engine/Plugins/2D/Paper2D/Content/DefaultSpriteMaterial.uexp" 226
"../../../Engine/Plugins/2D/Paper2D/Content/OpaqueUnlitSpriteMaterial.uasset" 227
"../../../Engine/Plugins/2D/Paper2D/Content/OpaqueUnlitSpriteMaterial.uexp" 228
"../../../Engine/Plugins/2D/Paper2D/Content/MaskedUnlitSpriteMaterial.uasset" 229
"../../../Engine/Plugins/2D/Paper2D/Content/MaskedUnlitSpriteMaterial.uexp" 230
"../../../Engine/Plugins/2D/Paper2D/Content/DummySprite.uasset" 231
"../../../Engine/Plugins/2D/Paper2D/Content/DummySprite.uexp" 232
"../../../Engine/Plugins/2D/Paper2D/Content/DefaultPaperTerrainMaterial.uasset" 233
"../../../Engine/Plugins/2D/Paper2D/Content/DefaultPaperTerrainMaterial.uexp" 234
"../../../Engine/Plugins/Animation/ControlRig/Content/M_Manip.uasset" 235
"../../../Engine/Plugins/Animation/ControlRig/Content/M_Manip.uexp" 236
"../../../Engine/Plugins/Animation/ControlRig/Content/Controls/DefaultGizmoLibraryNormalized.uasset" 237
"../../../Engine/Plugins/Animation/ControlRig/Content/Controls/DefaultGizmoLibraryNormalized.uexp" 238
"../../../Engine/Plugins/Animation/ControlRig/Content/Controls/ControlRig_Wedge_solid.ubulk" 239
"../../../Engine/Plugins/Animation/ControlRig/Content/Controls/ControlRig_Wedge_solid.uasset" 240
"../../../Engine/Plugins/Animation/ControlRig/Content/Controls/ControlRig_Wedge_solid.uexp" 241
"../../../Engine/Plugins/Animation/ControlRig/Content/Controls/ControlRig_Wedge_3mm.ubulk" 242
"../../../Engine/Plugins/Animation/ControlRig/Content/Controls/ControlRig_Wedge_3mm.uasset" 243
"../../../Engine/Plugins/Animation/ControlRig/Content/Controls/ControlRig_Wedge_3mm.uexp" 244
"../../../Engine/Plugins/Animation/ControlRig/Content/Controls/ControlRig_Wedge_1mm.ubulk" 245
"../../../Engine/Plugins/Animation/ControlRig/Content/Controls/ControlRig_Wedge_1mm.uasset" 246
"../../../Engine/Plugins/Animation/ControlRig/Content/Controls/ControlRig_Wedge_1mm.uexp" 247
"../../../Engine/Plugins/Animation/ControlRig/Content/Controls/ControlRig_Triangle_solid.ubulk" 248
"../../../Engine/Plugins/Animation/ControlRig/Content/Controls/ControlRig_Triangle_solid.uasset" 249
"../../../Engine/Plugins/Animation/ControlRig/Content/Controls/ControlRig_Triangle_solid.uexp" 250
"../../../Engine/Plugins/Animation/ControlRig/Content/Controls/ControlRig_Triangle_3mm.ubulk" 251
"../../../Engine/Plugins/Animation/ControlRig/Content/Controls/ControlRig_Triangle_3mm.uasset" 252
"../../../Engine/Plugins/Animation/ControlRig/Content/Controls/ControlRig_Triangle_3mm.uexp" 253
"../../../Engine/Plugins/Animation/ControlRig/Content/Controls/ControlRig_Triangle_1mm.ubulk" 254
"../../../Engine/Plugins/Animation/ControlRig/Content/Controls/ControlRig_Triangle_1mm.uasset" 255
"../../../Engine/Plugins/Animation/ControlRig/Content/Controls/ControlRig_Triangle_1mm.uexp" 256
"../../../Engine/Plugins/Animation/ControlRig/Content/Controls/ControlRig_Star4_solid.ubulk" 257
"../../../Engine/Plugins/Animation/ControlRig/Content/Controls/ControlRig_Star4_solid.uasset" 258
"../../../Engine/Plugins/Animation/ControlRig/Content/Controls/ControlRig_Star4_solid.uexp" 259
"../../../Engine/Plugins/Animation/ControlRig/Content/Controls/ControlRig_Star4_3mm.ubulk" 260
"../../../Engine/Plugins/Animation/ControlRig/Content/Controls/ControlRig_Star4_3mm.uasset" 261
"../../../Engine/Plugins/Animation/ControlRig/Content/Controls/ControlRig_Star4_3mm.uexp" 262
"../../../Engine/Plugins/Animation/ControlRig/Content/Controls/ControlRig_Star4_1mm.ubulk" 263
"../../../Engine/Plugins/Animation/ControlRig/Content/Controls/ControlRig_Star4_1mm.uasset" 264
"../../../Engine/Plugins/Animation/ControlRig/Content/Controls/ControlRig_Star4_1mm.uexp" 265
"../../../Engine/Plugins/Animation/ControlRig/Content/Controls/ControlRig_Square_solid.ubulk" 266
"../../../Engine/Plugins/Animation/ControlRig/Content/Controls/ControlRig_Square_solid.uasset" 267
"../../../Engine/Plugins/Animation/ControlRig/Content/Controls/ControlRig_Square_solid.uexp" 268
"../../../Engine/Plugins/Animation/ControlRig/Content/Controls/ControlRig_Square_3mm.ubulk" 269
"../../../Engine/Plugins/Animation/ControlRig/Content/Controls/ControlRig_Square_3mm.uasset" 270
"../../../Engine/Plugins/Animation/ControlRig/Content/Controls/ControlRig_Square_3mm.uexp" 271
"../../../Engine/Plugins/Animation/ControlRig/Content/Controls/ControlRig_Square_1mm.ubulk" 272
"../../../Engine/Plugins/Animation/ControlRig/Content/Controls/ControlRig_Square_1mm.uasset" 273
"../../../Engine/Plugins/Animation/ControlRig/Content/Controls/ControlRig_Square_1mm.uexp" 274
"../../../Engine/Plugins/Animation/ControlRig/Content/Controls/ControlRig_Sphere_solid.ubulk" 275
"../../../Engine/Plugins/Animation/ControlRig/Content/Controls/ControlRig_Sphere_solid.uasset" 276
"../../../Engine/Plugins/Animation/ControlRig/Content/Controls/ControlRig_Sphere_solid.uexp" 277
"../../../Engine/Plugins/Animation/ControlRig/Content/Controls/ControlRig_Sphere_3mm.ubulk" 278
"../../../Engine/Plugins/Animation/ControlRig/Content/Controls/ControlRig_Sphere_3mm.uasset" 279
"../../../Engine/Plugins/Animation/ControlRig/Content/Controls/ControlRig_Sphere_3mm.uexp" 280
"../../../Engine/Plugins/Animation/ControlRig/Content/Controls/ControlRig_Sphere_1mm.ubulk" 281
"../../../Engine/Plugins/Animation/ControlRig/Content/Controls/ControlRig_Sphere_1mm.uasset" 282
"../../../Engine/Plugins/Animation/ControlRig/Content/Controls/ControlRig_Sphere_1mm.uexp" 283
"../../../Engine/Plugins/Animation/ControlRig/Content/Controls/ControlRig_RoundedTriangle_solid.ubulk" 284
"../../../Engine/Plugins/Animation/ControlRig/Content/Controls/ControlRig_RoundedTriangle_solid.uasset" 285
"../../../Engine/Plugins/Animation/ControlRig/Content/Controls/ControlRig_RoundedTriangle_solid.uexp" 286
"../../../Engine/Plugins/Animation/ControlRig/Content/Controls/ControlRig_RoundedTriangle_3mm.ubulk" 287
"../../../Engine/Plugins/Animation/ControlRig/Content/Controls/ControlRig_RoundedTriangle_3mm.uasset" 288
"../../../Engine/Plugins/Animation/ControlRig/Content/Controls/ControlRig_RoundedTriangle_3mm.uexp" 289
"../../../Engine/Plugins/Animation/ControlRig/Content/Controls/ControlRig_RoundedTriangle_1mm.ubulk" 290
"../../../Engine/Plugins/Animation/ControlRig/Content/Controls/ControlRig_RoundedTriangle_1mm.uasset" 291
"../../../Engine/Plugins/Animation/ControlRig/Content/Controls/ControlRig_RoundedTriangle_1mm.uexp" 292
"../../../Engine/Plugins/Animation/ControlRig/Content/Controls/ControlRig_RoundedSquare_solid.ubulk" 293
"../../../Engine/Plugins/Animation/ControlRig/Content/Controls/ControlRig_RoundedSquare_solid.uasset" 294
"../../../Engine/Plugins/Animation/ControlRig/Content/Controls/ControlRig_RoundedSquare_solid.uexp" 295
"../../../Engine/Plugins/Animation/ControlRig/Content/Controls/ControlRig_RoundedSquare_3mm.ubulk" 296
"../../../Engine/Plugins/Animation/ControlRig/Content/Controls/ControlRig_RoundedSquare_3mm.uasset" 297
"../../../Engine/Plugins/Animation/ControlRig/Content/Controls/ControlRig_RoundedSquare_3mm.uexp" 298
"../../../Engine/Plugins/Animation/ControlRig/Content/Controls/ControlRig_RoundedSquare_1mm.ubulk" 299
"../../../Engine/Plugins/Animation/ControlRig/Content/Controls/ControlRig_RoundedSquare_1mm.uasset" 300
"../../../Engine/Plugins/Animation/ControlRig/Content/Controls/ControlRig_RoundedSquare_1mm.uexp" 301
"../../../Engine/Plugins/Animation/ControlRig/Content/Controls/ControlRig_QuarterCircle_solid.ubulk" 302
"../../../Engine/Plugins/Animation/ControlRig/Content/Controls/ControlRig_QuarterCircle_solid.uasset" 303
"../../../Engine/Plugins/Animation/ControlRig/Content/Controls/ControlRig_QuarterCircle_solid.uexp" 304
"../../../Engine/Plugins/Animation/ControlRig/Content/Controls/ControlRig_QuarterCircle_3mm.ubulk" 305
"../../../Engine/Plugins/Animation/ControlRig/Content/Controls/ControlRig_QuarterCircle_3mm.uasset" 306
"../../../Engine/Plugins/Animation/ControlRig/Content/Controls/ControlRig_QuarterCircle_3mm.uexp" 307
"../../../Engine/Plugins/Animation/ControlRig/Content/Controls/ControlRig_QuarterCircle_1mm.ubulk" 308
"../../../Engine/Plugins/Animation/ControlRig/Content/Controls/ControlRig_QuarterCircle_1mm.uasset" 309
"../../../Engine/Plugins/Animation/ControlRig/Content/Controls/ControlRig_QuarterCircle_1mm.uexp" 310
"../../../Engine/Plugins/Animation/ControlRig/Content/Controls/ControlRig_Pyramid_solid.ubulk" 311
"../../../Engine/Plugins/Animation/ControlRig/Content/Controls/ControlRig_Pyramid_solid.uasset" 312
"../../../Engine/Plugins/Animation/ControlRig/Content/Controls/ControlRig_Pyramid_solid.uexp" 313
"../../../Engine/Plugins/Animation/ControlRig/Content/Controls/ControlRig_Pyramid_3mm.ubulk" 314
"../../../Engine/Plugins/Animation/ControlRig/Content/Controls/ControlRig_Pyramid_3mm.uasset" 315
"../../../Engine/Plugins/Animation/ControlRig/Content/Controls/ControlRig_Pyramid_3mm.uexp" 316
"../../../Engine/Plugins/Animation/ControlRig/Content/Controls/ControlRig_Pyramid_1mm.ubulk" 317
"../../../Engine/Plugins/Animation/ControlRig/Content/Controls/ControlRig_Pyramid_1mm.uasset" 318
"../../../Engine/Plugins/Animation/ControlRig/Content/Controls/ControlRig_Pyramid_1mm.uexp" 319
"../../../Engine/Plugins/Animation/ControlRig/Content/Controls/ControlRig_Octagon_solid.ubulk" 320
"../../../Engine/Plugins/Animation/ControlRig/Content/Controls/ControlRig_Octagon_solid.uasset" 321
"../../../Engine/Plugins/Animation/ControlRig/Content/Controls/ControlRig_Octagon_solid.uexp" 322
"../../../Engine/Plugins/Animation/ControlRig/Content/Controls/ControlRig_Octagon_3mm.ubulk" 323
"../../../Engine/Plugins/Animation/ControlRig/Content/Controls/ControlRig_Octagon_3mm.uasset" 324
"../../../Engine/Plugins/Animation/ControlRig/Content/Controls/ControlRig_Octagon_3mm.uexp" 325
"../../../Engine/Plugins/Animation/ControlRig/Content/Controls/ControlRig_Octagon_1mm.ubulk" 326
"../../../Engine/Plugins/Animation/ControlRig/Content/Controls/ControlRig_Octagon_1mm.uasset" 327
"../../../Engine/Plugins/Animation/ControlRig/Content/Controls/ControlRig_Octagon_1mm.uexp" 328
"../../../Engine/Plugins/Animation/ControlRig/Content/Controls/ControlRig_Hexagon_solid.ubulk" 329
"../../../Engine/Plugins/Animation/ControlRig/Content/Controls/ControlRig_Hexagon_solid.uasset" 330
"../../../Engine/Plugins/Animation/ControlRig/Content/Controls/ControlRig_Hexagon_solid.uexp" 331
"../../../Engine/Plugins/Animation/ControlRig/Content/Controls/ControlRig_Hexagon_3mm.ubulk" 332
"../../../Engine/Plugins/Animation/ControlRig/Content/Controls/ControlRig_Hexagon_3mm.uasset" 333
"../../../Engine/Plugins/Animation/ControlRig/Content/Controls/ControlRig_Hexagon_3mm.uexp" 334
"../../../Engine/Plugins/Animation/ControlRig/Content/Controls/ControlRig_Hexagon_1mm.ubulk" 335
"../../../Engine/Plugins/Animation/ControlRig/Content/Controls/ControlRig_Hexagon_1mm.uasset" 336
"../../../Engine/Plugins/Animation/ControlRig/Content/Controls/ControlRig_Hexagon_1mm.uexp" 337
"../../../Engine/Plugins/Animation/ControlRig/Content/Controls/ControlRig_HalfCircle_solid.ubulk" 338
"../../../Engine/Plugins/Animation/ControlRig/Content/Controls/ControlRig_HalfCircle_solid.uasset" 339
"../../../Engine/Plugins/Animation/ControlRig/Content/Controls/ControlRig_HalfCircle_solid.uexp" 340
"../../../Engine/Plugins/Animation/ControlRig/Content/Controls/ControlRig_HalfCircle_3mm.ubulk" 341
"../../../Engine/Plugins/Animation/ControlRig/Content/Controls/ControlRig_HalfCircle_3mm.uasset" 342
"../../../Engine/Plugins/Animation/ControlRig/Content/Controls/ControlRig_HalfCircle_3mm.uexp" 343
"../../../Engine/Plugins/Animation/ControlRig/Content/Controls/ControlRig_HalfCircle_1mm.ubulk" 344
"../../../Engine/Plugins/Animation/ControlRig/Content/Controls/ControlRig_HalfCircle_1mm.uasset" 345
"../../../Engine/Plugins/Animation/ControlRig/Content/Controls/ControlRig_HalfCircle_1mm.uexp" 346
"../../../Engine/Plugins/Animation/ControlRig/Content/Controls/ControlRig_Diamond_solid.ubulk" 347
"../../../Engine/Plugins/Animation/ControlRig/Content/Controls/ControlRig_Diamond_solid.uasset" 348
"../../../Engine/Plugins/Animation/ControlRig/Content/Controls/ControlRig_Diamond_solid.uexp" 349
"../../../Engine/Plugins/Animation/ControlRig/Content/Controls/ControlRig_Diamond_3mm.ubulk" 350
"../../../Engine/Plugins/Animation/ControlRig/Content/Controls/ControlRig_Diamond_3mm.uasset" 351
"../../../Engine/Plugins/Animation/ControlRig/Content/Controls/ControlRig_Diamond_3mm.uexp" 352
"../../../Engine/Plugins/Animation/ControlRig/Content/Controls/ControlRig_Diamond_1mm.ubulk" 353
"../../../Engine/Plugins/Animation/ControlRig/Content/Controls/ControlRig_Diamond_1mm.uasset" 354
"../../../Engine/Plugins/Animation/ControlRig/Content/Controls/ControlRig_Diamond_1mm.uexp" 355
"../../../Engine/Plugins/Animation/ControlRig/Content/Controls/ControlRig_Circle_solid.ubulk" 356
"../../../Engine/Plugins/Animation/ControlRig/Content/Controls/ControlRig_Circle_solid.uasset" 357
"../../../Engine/Plugins/Animation/ControlRig/Content/Controls/ControlRig_Circle_solid.uexp" 358
"../../../Engine/Plugins/Animation/ControlRig/Content/Controls/ControlRig_Circle_3mm.ubulk" 359
"../../../Engine/Plugins/Animation/ControlRig/Content/Controls/ControlRig_Circle_3mm.uasset" 360
"../../../Engine/Plugins/Animation/ControlRig/Content/Controls/ControlRig_Circle_3mm.uexp" 361
"../../../Engine/Plugins/Animation/ControlRig/Content/Controls/ControlRig_Circle_1mm.ubulk" 362
"../../../Engine/Plugins/Animation/ControlRig/Content/Controls/ControlRig_Circle_1mm.uasset" 363
"../../../Engine/Plugins/Animation/ControlRig/Content/Controls/ControlRig_Circle_1mm.uexp" 364
"../../../Engine/Plugins/Animation/ControlRig/Content/Controls/ControlRig_Box_solid.ubulk" 365
"../../../Engine/Plugins/Animation/ControlRig/Content/Controls/ControlRig_Box_solid.uasset" 366
"../../../Engine/Plugins/Animation/ControlRig/Content/Controls/ControlRig_Box_solid.uexp" 367
"../../../Engine/Plugins/Animation/ControlRig/Content/Controls/ControlRig_Box_3mm.ubulk" 368
"../../../Engine/Plugins/Animation/ControlRig/Content/Controls/ControlRig_Box_3mm.uasset" 369
"../../../Engine/Plugins/Animation/ControlRig/Content/Controls/ControlRig_Box_3mm.uexp" 370
"../../../Engine/Plugins/Animation/ControlRig/Content/Controls/ControlRig_Box_1mm.ubulk" 371
"../../../Engine/Plugins/Animation/ControlRig/Content/Controls/ControlRig_Box_1mm.uasset" 372
"../../../Engine/Plugins/Animation/ControlRig/Content/Controls/ControlRig_Box_1mm.uexp" 373
"../../../Engine/Plugins/Animation/ControlRig/Content/Controls/ControlRig_Arrow_solid.ubulk" 374
"../../../Engine/Plugins/Animation/ControlRig/Content/Controls/ControlRig_Arrow_solid.uasset" 375
"../../../Engine/Plugins/Animation/ControlRig/Content/Controls/ControlRig_Arrow_solid.uexp" 376
"../../../Engine/Plugins/Animation/ControlRig/Content/Controls/ControlRig_Arrow_3mm.ubulk" 377
"../../../Engine/Plugins/Animation/ControlRig/Content/Controls/ControlRig_Arrow_3mm.uasset" 378
"../../../Engine/Plugins/Animation/ControlRig/Content/Controls/ControlRig_Arrow_3mm.uexp" 379
"../../../Engine/Plugins/Animation/ControlRig/Content/Controls/ControlRig_Arrow_1mm.ubulk" 380
"../../../Engine/Plugins/Animation/ControlRig/Content/Controls/ControlRig_Arrow_1mm.uasset" 381
"../../../Engine/Plugins/Animation/ControlRig/Content/Controls/ControlRig_Arrow_1mm.uexp" 382
"../../../Engine/Plugins/Animation/ControlRig/Content/Controls/ControlRig_Arrow4_solid.ubulk" 383
"../../../Engine/Plugins/Animation/ControlRig/Content/Controls/ControlRig_Arrow4_solid.uasset" 384
"../../../Engine/Plugins/Animation/ControlRig/Content/Controls/ControlRig_Arrow4_solid.uexp" 385
"../../../Engine/Plugins/Animation/ControlRig/Content/Controls/ControlRig_Arrow4_3mm.ubulk" 386
"../../../Engine/Plugins/Animation/ControlRig/Content/Controls/ControlRig_Arrow4_3mm.uasset" 387
"../../../Engine/Plugins/Animation/ControlRig/Content/Controls/ControlRig_Arrow4_3mm.uexp" 388
"../../../Engine/Plugins/Animation/ControlRig/Content/Controls/ControlRig_Arrow4_1mm.ubulk" 389
"../../../Engine/Plugins/Animation/ControlRig/Content/Controls/ControlRig_Arrow4_1mm.uasset" 390
"../../../Engine/Plugins/Animation/ControlRig/Content/Controls/ControlRig_Arrow4_1mm.uexp" 391
"../../../Engine/Plugins/Animation/ControlRig/Content/Controls/ControlRig_Arrow2_solid.ubulk" 392
"../../../Engine/Plugins/Animation/ControlRig/Content/Controls/ControlRig_Arrow2_solid.uasset" 393
"../../../Engine/Plugins/Animation/ControlRig/Content/Controls/ControlRig_Arrow2_solid.uexp" 394
"../../../Engine/Plugins/Animation/ControlRig/Content/Controls/ControlRig_Arrow2_3mm.ubulk" 395
"../../../Engine/Plugins/Animation/ControlRig/Content/Controls/ControlRig_Arrow2_3mm.uasset" 396
"../../../Engine/Plugins/Animation/ControlRig/Content/Controls/ControlRig_Arrow2_3mm.uexp" 397
"../../../Engine/Plugins/Animation/ControlRig/Content/Controls/ControlRig_Arrow2_1mm.ubulk" 398
"../../../Engine/Plugins/Animation/ControlRig/Content/Controls/ControlRig_Arrow2_1mm.uasset" 399
"../../../Engine/Plugins/Animation/ControlRig/Content/Controls/ControlRig_Arrow2_1mm.uexp" 400
"../../../Engine/Plugins/Animation/ControlRig/Content/Controls/ControlRigGizmoMaterial.uasset" 401
"../../../Engine/Plugins/Animation/ControlRig/Content/Controls/ControlRigGizmoMaterial.uexp" 402
"../../../Engine/Plugins/Editor/SpeedTreeImporter/Content/SpeedTree9/game_wind_noise.ubulk" 403
"../../../Engine/Plugins/Editor/SpeedTreeImporter/Content/SpeedTree9/game_wind_noise.uasset" 404
"../../../Engine/Plugins/Editor/SpeedTreeImporter/Content/SpeedTree9/game_wind_noise.uexp" 405
"../../../Engine/Plugins/Editor/SpeedTreeImporter/Content/SpeedTree9/UnpackDirection.uasset" 406
"../../../Engine/Plugins/Editor/SpeedTreeImporter/Content/SpeedTree9/UnpackDirection.uexp" 407
"../../../Engine/Content/Functions/Engine_MaterialFunctions02/ObjectLocalBounds.uasset" 408
"../../../Engine/Content/Functions/Engine_MaterialFunctions02/ObjectLocalBounds.uexp" 409
"../../../Engine/Content/Functions/Engine_MaterialFunctions02/UVs/BoundingBoxBased_0-1_UVW.uasset" 410
"../../../Engine/Content/Functions/Engine_MaterialFunctions02/UVs/BoundingBoxBased_0-1_UVW.uexp" 411
"../../../Engine/Content/Functions/Engine_MaterialFunctions02/Utility/VectorLength.uasset" 412
"../../../Engine/Content/Functions/Engine_MaterialFunctions02/Utility/VectorLength.uexp" 413
"../../../Engine/Plugins/Editor/SpeedTreeImporter/Content/SpeedTree9/UnpackInteger3.uasset" 414
"../../../Engine/Plugins/Editor/SpeedTreeImporter/Content/SpeedTree9/UnpackInteger3.uexp" 415
"../../../Engine/Plugins/Editor/SpeedTreeImporter/Content/SpeedTree9/SpeedTreeCameraFacing.uasset" 416
"../../../Engine/Plugins/Editor/SpeedTreeImporter/Content/SpeedTree9/SpeedTreeCameraFacing.uexp" 417
"../../../Engine/Content/Functions/Engine_MaterialFunctions02/WorldPositionOffset/ObjectScale.uasset" 418
"../../../Engine/Content/Functions/Engine_MaterialFunctions02/WorldPositionOffset/ObjectScale.uexp" 419
"../../../Engine/Content/Functions/Engine_MaterialFunctions02/SafeNormalize.uasset" 420
"../../../Engine/Content/Functions/Engine_MaterialFunctions02/SafeNormalize.uexp" 421
"../../../Engine/Plugins/Editor/SpeedTreeImporter/Content/SpeedTree9/SpeedTreeWindMotion.uasset" 422
"../../../Engine/Plugins/Editor/SpeedTreeImporter/Content/SpeedTree9/SpeedTreeWindMotion.uexp" 423
"../../../Engine/Plugins/Editor/SpeedTreeImporter/Content/SpeedTree9/SpeedTreeBranchMotion.uasset" 424
"../../../Engine/Plugins/Editor/SpeedTreeImporter/Content/SpeedTree9/SpeedTreeBranchMotion.uexp" 425
"../../../Engine/Plugins/Editor/SpeedTreeImporter/Content/SpeedTree9/SpeedTreeWind.uasset" 426
"../../../Engine/Plugins/Editor/SpeedTreeImporter/Content/SpeedTree9/SpeedTreeWind.uexp" 427
"../../../Engine/Plugins/Editor/SpeedTreeImporter/Content/SpeedTree9/EmptyNormal.uasset" 428
"../../../Engine/Plugins/Editor/SpeedTreeImporter/Content/SpeedTree9/EmptyNormal.uexp" 429
"../../../Engine/Plugins/Editor/SpeedTreeImporter/Content/SpeedTree9/Empty.uasset" 430
"../../../Engine/Plugins/Editor/SpeedTreeImporter/Content/SpeedTree9/Empty.uexp" 431
"../../../Engine/Plugins/Editor/SpeedTreeImporter/Content/SpeedTree9/SpeedTreeMaster.uasset" 432
"../../../Engine/Plugins/Editor/SpeedTreeImporter/Content/SpeedTree9/SpeedTreeMaster.uexp" 433
"../../../Engine/Plugins/Editor/SpeedTreeImporter/Content/SpeedTree9/SpeedTreeBillboard.uasset" 434
"../../../Engine/Plugins/Editor/SpeedTreeImporter/Content/SpeedTree9/SpeedTreeBillboard.uexp" 435
"../../../Engine/Plugins/Editor/SpeedTreeImporter/Content/SpeedTree9/SpeedTreeBillboardMaster.uasset" 436
"../../../Engine/Plugins/Editor/SpeedTreeImporter/Content/SpeedTree9/SpeedTreeBillboardMaster.uexp" 437
"../../../Engine/Plugins/Runtime/HairStrands/Content/Materials/HairMeshesDefaultMaterial.uasset" 438
"../../../Engine/Plugins/Runtime/HairStrands/Content/Materials/HairMeshesDefaultMaterial.uexp" 439
"../../../Engine/Plugins/Runtime/HairStrands/Content/Materials/HairDefaultMaterial.uasset" 440
"../../../Engine/Plugins/Runtime/HairStrands/Content/Materials/HairDefaultMaterial.uexp" 441
"../../../Engine/Plugins/Runtime/HairStrands/Content/Materials/HairGroupColors.uasset" 442
"../../../Engine/Plugins/Runtime/HairStrands/Content/Materials/HairGroupColors.uexp" 443
"../../../Engine/Content/EngineMaterials/HairColorMap.uasset" 444
"../../../Engine/Content/EngineMaterials/HairColorMap.uexp" 445
"../../../Engine/Content/EngineMaterials/HairDebugColor.uasset" 446
"../../../Engine/Content/EngineMaterials/HairDebugColor.uexp" 447
"../../../Engine/Plugins/Runtime/HairStrands/Content/Materials/HairDebugMaterial.uasset" 448
"../../../Engine/Plugins/Runtime/HairStrands/Content/Materials/HairDebugMaterial.uexp" 449
"../../../Engine/Plugins/Runtime/HairStrands/Content/Materials/HairCardsDefaultMaterial.uasset" 450
"../../../Engine/Plugins/Runtime/HairStrands/Content/Materials/HairCardsDefaultMaterial.uexp" 451
"E:/UnrealProjects/SteamTest/Content/FirstPerson/Maps/FPSLevel/TravelMap.uexp" 452
"E:/UnrealProjects/SteamTest/Content/FirstPerson/Maps/FPSLevel/TravelMap.umap" 453
"E:/UnrealProjects/SteamTest/Content/FirstPerson/Maps/FPSLevel/TestLevel_LaunchGame_BuiltData.ubulk" 454
"E:/UnrealProjects/SteamTest/Content/FirstPerson/Maps/FPSLevel/TestLevel_LaunchGame_BuiltData.uasset" 455
"E:/UnrealProjects/SteamTest/Content/FirstPerson/Maps/FPSLevel/TestLevel_LaunchGame_BuiltData.uexp" 456
"E:/UnrealProjects/SteamTest/Content/CustomizableGrid/Textures/T_Grid_Text_m02.ubulk" 457
"E:/UnrealProjects/SteamTest/Content/CustomizableGrid/Textures/T_Grid_Text_m02.uasset" 458
"E:/UnrealProjects/SteamTest/Content/CustomizableGrid/Textures/T_Grid_Text_m02.uexp" 459
"E:/UnrealProjects/SteamTest/Content/CustomizableGrid/Textures/T_Grid_Text_m01.ubulk" 460
"E:/UnrealProjects/SteamTest/Content/CustomizableGrid/Textures/T_Grid_Text_m01.uasset" 461
"E:/UnrealProjects/SteamTest/Content/CustomizableGrid/Textures/T_Grid_Text_m01.uexp" 462
"../../../Engine/Content/EngineMaterials/BlendFunc_DefBlend.uasset" 463
"../../../Engine/Content/EngineMaterials/BlendFunc_DefBlend.uexp" 464
"../../../Engine/Content/EngineMaterials/BlendFunc_DefBase.uasset" 465
"../../../Engine/Content/EngineMaterials/BlendFunc_DefBase.uexp" 466
"../../../Engine/Content/Functions/Engine_MaterialFunctions03/Blends/Blend_Screen.uasset" 467
"../../../Engine/Content/Functions/Engine_MaterialFunctions03/Blends/Blend_Screen.uexp" 468
"E:/UnrealProjects/SteamTest/Content/CustomizableGrid/Textures/T_Grid_CenterLine_001.ubulk" 469
"E:/UnrealProjects/SteamTest/Content/CustomizableGrid/Textures/T_Grid_CenterLine_001.uasset" 470
"E:/UnrealProjects/SteamTest/Content/CustomizableGrid/Textures/T_Grid_CenterLine_001.uexp" 471
"E:/UnrealProjects/SteamTest/Content/CustomizableGrid/Textures/T_Grid_BasePattern_001.ubulk" 472
"E:/UnrealProjects/SteamTest/Content/CustomizableGrid/Textures/T_Grid_BasePattern_001.uasset" 473
"E:/UnrealProjects/SteamTest/Content/CustomizableGrid/Textures/T_Grid_BasePattern_001.uexp" 474
"../../../Engine/Content/Functions/Engine_MaterialFunctions02/Texturing/WorldPositionWithScale.uasset" 475
"../../../Engine/Content/Functions/Engine_MaterialFunctions02/Texturing/WorldPositionWithScale.uexp" 476
"E:/UnrealProjects/SteamTest/Content/CustomizableGrid/Textures/T_Grid_CenterGrid_001.ubulk" 477
"E:/UnrealProjects/SteamTest/Content/CustomizableGrid/Textures/T_Grid_CenterGrid_001.uasset" 478
"E:/UnrealProjects/SteamTest/Content/CustomizableGrid/Textures/T_Grid_CenterGrid_001.uexp" 479
"E:/UnrealProjects/SteamTest/Content/CustomizableGrid/Textures/T_Grid_Edge_001.ubulk" 480
"E:/UnrealProjects/SteamTest/Content/CustomizableGrid/Textures/T_Grid_Edge_001.uasset" 481
"E:/UnrealProjects/SteamTest/Content/CustomizableGrid/Textures/T_Grid_Edge_001.uexp" 482
"E:/UnrealProjects/SteamTest/Content/CustomizableGrid/Textures/T_Grid_Text_0512.ubulk" 483
"E:/UnrealProjects/SteamTest/Content/CustomizableGrid/Textures/T_Grid_Text_0512.uasset" 484
"E:/UnrealProjects/SteamTest/Content/CustomizableGrid/Textures/T_Grid_Text_0512.uexp" 485
"E:/UnrealProjects/SteamTest/Content/CustomizableGrid/Materials/M_Grid_Base_UV.uasset" 486
"E:/UnrealProjects/SteamTest/Content/CustomizableGrid/Materials/M_Grid_Base_UV.uexp" 487
"E:/UnrealProjects/SteamTest/Content/CustomizableGrid/Materials/PresetsUV/M_Grid_UV_preset_02Blue.uasset" 488
"E:/UnrealProjects/SteamTest/Content/CustomizableGrid/Materials/PresetsUV/M_Grid_UV_preset_02Blue.uexp" 489
"E:/UnrealProjects/SteamTest/Content/CustomizableGrid/Materials/PresetsUV/M_Grid_UV_preset_02Orange.uasset" 490
"E:/UnrealProjects/SteamTest/Content/CustomizableGrid/Materials/PresetsUV/M_Grid_UV_preset_02Orange.uexp" 491
"../../../Engine/Content/EngineSky/T_Sky_Stars.ubulk" 492
"../../../Engine/Content/EngineSky/T_Sky_Stars.uasset" 493
"../../../Engine/Content/EngineSky/T_Sky_Stars.uexp" 494
"../../../Engine/Content/EngineSky/T_Sky_Clouds_M.ubulk" 495
"../../../Engine/Content/EngineSky/T_Sky_Clouds_M.uasset" 496
"../../../Engine/Content/EngineSky/T_Sky_Clouds_M.uexp" 497
"../../../Engine/Content/EngineSky/T_Sky_Blue.ubulk" 498
"../../../Engine/Content/EngineSky/T_Sky_Blue.uasset" 499
"../../../Engine/Content/EngineSky/T_Sky_Blue.uexp" 500
"../../../Engine/Content/EngineSky/M_Sky_Panning_Clouds2.uasset" 501
"../../../Engine/Content/EngineSky/M_Sky_Panning_Clouds2.uexp" 502
"../../../Engine/Content/EngineSky/SM_SkySphere.ubulk" 503
"../../../Engine/Content/EngineSky/SM_SkySphere.uasset" 504
"../../../Engine/Content/EngineSky/SM_SkySphere.uexp" 505
"E:/UnrealProjects/SteamTest/Content/CustomizableGrid/Textures/T_Grid_Text_m04.ubulk" 506
"E:/UnrealProjects/SteamTest/Content/CustomizableGrid/Textures/T_Grid_Text_m04.uasset" 507
"E:/UnrealProjects/SteamTest/Content/CustomizableGrid/Textures/T_Grid_Text_m04.uexp" 508
"E:/UnrealProjects/SteamTest/Content/CustomizableGrid/Textures/T_Grid_CenterGrid_012.ubulk" 509
"E:/UnrealProjects/SteamTest/Content/CustomizableGrid/Textures/T_Grid_CenterGrid_012.uasset" 510
"E:/UnrealProjects/SteamTest/Content/CustomizableGrid/Textures/T_Grid_CenterGrid_012.uexp" 511
"E:/UnrealProjects/SteamTest/Content/CustomizableGrid/Materials/PresetsUV/M_Grid_UV_preset_003.uasset" 512
"E:/UnrealProjects/SteamTest/Content/CustomizableGrid/Materials/PresetsUV/M_Grid_UV_preset_003.uexp" 513
"../../../Engine/Content/BasicShapes/Cube.ubulk" 514
"../../../Engine/Content/BasicShapes/Cube.uasset" 515
"../../../Engine/Content/BasicShapes/Cube.uexp" 516
"../../../Engine/Content/MapTemplates/SM_Template_Map_Floor.ubulk" 517
"../../../Engine/Content/MapTemplates/SM_Template_Map_Floor.uasset" 518
"../../../Engine/Content/MapTemplates/SM_Template_Map_Floor.uexp" 519
"E:/UnrealProjects/SteamTest/Content/FirstPerson/Blueprints/Interfaces/I_PlayerState.uasset" 520
"E:/UnrealProjects/SteamTest/Content/FirstPerson/Blueprints/Interfaces/I_PlayerState.uexp" 521
"E:/UnrealProjects/SteamTest/Content/FirstPerson/Blueprints/PlayerState/BP_PlayerState.uasset" 522
"E:/UnrealProjects/SteamTest/Content/FirstPerson/Blueprints/PlayerState/BP_PlayerState.uexp" 523
"E:/UnrealProjects/SteamTest/Content/FirstPerson/Blueprints/GameModes/BP_GS_Base.uasset" 524
"E:/UnrealProjects/SteamTest/Content/FirstPerson/Blueprints/GameModes/BP_GS_Base.uexp" 525
"E:/UnrealProjects/SteamTest/Content/FPS/Weapons/Materials/M_WeaponBase.uasset" 526
"E:/UnrealProjects/SteamTest/Content/FPS/Weapons/Materials/M_WeaponBase.uexp" 527
"E:/UnrealProjects/SteamTest/Content/FPS/Weapons/Pistol_01/SKEL_Pistol_1.uasset" 528
"E:/UnrealProjects/SteamTest/Content/FPS/Weapons/Pistol_01/SKEL_Pistol_1.uexp" 529
"E:/UnrealProjects/SteamTest/Content/FPS/Weapons/Pistol_01/PA_Pistol_1.uasset" 530
"E:/UnrealProjects/SteamTest/Content/FPS/Weapons/Pistol_01/PA_Pistol_1.uexp" 531
"E:/UnrealProjects/SteamTest/Content/FPS/Weapons/Pistol_01/SK_Pistol_1.uasset" 532
"E:/UnrealProjects/SteamTest/Content/FPS/Weapons/Pistol_01/SK_Pistol_1.uexp" 533
"../../../Engine/Plugins/Enterprise/DatasmithContent/Content/Materials/_common/Textures/T_Generic_E.uasset" 534
"../../../Engine/Plugins/Enterprise/DatasmithContent/Content/Materials/_common/Textures/T_Generic_E.uexp" 535
"../../../Engine/Plugins/Enterprise/DatasmithContent/Content/Materials/_common/MaterialFunctions/BaseModules/MF_Emissive.uasset" 536
"../../../Engine/Plugins/Enterprise/DatasmithContent/Content/Materials/_common/MaterialFunctions/BaseModules/MF_Emissive.uexp" 537
"../../../Engine/Plugins/Enterprise/DatasmithContent/Content/Materials/_common/Textures/T_Generic_BC.uasset" 538
"../../../Engine/Plugins/Enterprise/DatasmithContent/Content/Materials/_common/Textures/T_Generic_BC.uexp" 539
"../../../Engine/Plugins/Enterprise/DatasmithContent/Content/Materials/_common/Textures/T_Generic_M.uasset" 540
"../../../Engine/Plugins/Enterprise/DatasmithContent/Content/Materials/_common/Textures/T_Generic_M.uexp" 541
"../../../Engine/Plugins/Enterprise/DatasmithContent/Content/Materials/_common/MaterialFunctions/BaseModules/MF_BaseColor.uasset" 542
"../../../Engine/Plugins/Enterprise/DatasmithContent/Content/Materials/_common/MaterialFunctions/BaseModules/MF_BaseColor.uexp" 543
"../../../Engine/Content/Functions/Engine_MaterialFunctions02/Math/Transform3x3Matrix.uasset" 544
"../../../Engine/Content/Functions/Engine_MaterialFunctions02/Math/Transform3x3Matrix.uexp" 545
"../../../Engine/Plugins/Enterprise/DatasmithContent/Content/Materials/_common/Textures/T_Generic_N.uasset" 546
"../../../Engine/Plugins/Enterprise/DatasmithContent/Content/Materials/_common/Textures/T_Generic_N.uexp" 547
"../../../Engine/Plugins/Enterprise/DatasmithContent/Content/Materials/_common/MaterialFunctions/BaseModules/MF_Normals.uasset" 548
"../../../Engine/Plugins/Enterprise/DatasmithContent/Content/Materials/_common/MaterialFunctions/BaseModules/MF_Normals.uexp" 549
"../../../Engine/Plugins/Enterprise/DatasmithContent/Content/Materials/_common/MaterialFunctions/MF_RotateV2.uasset" 550
"../../../Engine/Plugins/Enterprise/DatasmithContent/Content/Materials/_common/MaterialFunctions/MF_RotateV2.uexp" 551
"../../../Engine/Plugins/Enterprise/DatasmithContent/Content/Materials/_common/MaterialFunctions/MF_TransUVs.uasset" 552
"../../../Engine/Plugins/Enterprise/DatasmithContent/Content/Materials/_common/MaterialFunctions/MF_TransUVs.uexp" 553
"../../../Engine/Plugins/Enterprise/DatasmithContent/Content/Materials/_common/MaterialFunctions/BaseModules/MF_TransformUVs.uasset" 554
"../../../Engine/Plugins/Enterprise/DatasmithContent/Content/Materials/_common/MaterialFunctions/BaseModules/MF_TransformUVs.uexp" 555
"../../../Engine/Plugins/Enterprise/DatasmithContent/Content/Materials/_common/Textures/T_GenericHalfGray_R.uasset" 556
"../../../Engine/Plugins/Enterprise/DatasmithContent/Content/Materials/_common/Textures/T_GenericHalfGray_R.uexp" 557
"../../../Engine/Plugins/Enterprise/DatasmithContent/Content/Materials/_common/MaterialFunctions/BaseModules/MF_Roughness.uasset" 558
"../../../Engine/Plugins/Enterprise/DatasmithContent/Content/Materials/_common/MaterialFunctions/BaseModules/MF_Roughness.uexp" 559
"../../../Engine/Plugins/Enterprise/DatasmithContent/Content/Materials/StdSSS/MFAttr_SSS.uasset" 560
"../../../Engine/Plugins/Enterprise/DatasmithContent/Content/Materials/StdSSS/MFAttr_SSS.uexp" 561
"../../../Engine/Plugins/Enterprise/DatasmithContent/Content/Materials/_common/MaterialFunctions/RayTracing/MF_RTSwitch.uasset" 562
"../../../Engine/Plugins/Enterprise/DatasmithContent/Content/Materials/_common/MaterialFunctions/RayTracing/MF_RTSwitch.uexp" 563
"../../../Engine/Content/Functions/Engine_MaterialFunctions02/WorldPositionOffset/LocalPosition.uasset" 564
"../../../Engine/Content/Functions/Engine_MaterialFunctions02/WorldPositionOffset/LocalPosition.uexp" 565
"../../../Engine/Plugins/Enterprise/DatasmithContent/Content/Materials/_common/MaterialFunctions/MF_Triplanar_Mask.uasset" 566
"../../../Engine/Plugins/Enterprise/DatasmithContent/Content/Materials/_common/MaterialFunctions/MF_Triplanar_Mask.uexp" 567
"../../../Engine/Plugins/Enterprise/DatasmithContent/Content/Materials/_common/MaterialFunctions/MF_TriplanerProj.uasset" 568
"../../../Engine/Plugins/Enterprise/DatasmithContent/Content/Materials/_common/MaterialFunctions/MF_TriplanerProj.uexp" 569
"../../../Engine/Plugins/Enterprise/DatasmithContent/Content/Materials/StdSSS/M_StdSSS.uasset" 570
"../../../Engine/Plugins/Enterprise/DatasmithContent/Content/Materials/StdSSS/M_StdSSS.uexp" 571
"E:/UnrealProjects/SteamTest/Content/FirstPerson/Blueprints/HealthComponent/BP_testHealthComponent.uasset" 572
"E:/UnrealProjects/SteamTest/Content/FirstPerson/Blueprints/HealthComponent/BP_testHealthComponent.uexp" 573
"E:/UnrealProjects/SteamTest/Content/FirstPerson/Blueprints/Weapons/DamageType/DT_Base.uasset" 574
"E:/UnrealProjects/SteamTest/Content/FirstPerson/Blueprints/Weapons/DamageType/DT_Base.uexp" 575
"E:/UnrealProjects/SteamTest/Content/FirstPerson/Blueprints/Weapons/DamageType/DT_Pistol.uasset" 576
"E:/UnrealProjects/SteamTest/Content/FirstPerson/Blueprints/Weapons/DamageType/DT_Pistol.uexp" 577
"E:/UnrealProjects/SteamTest/Content/FirstPerson/Blueprints/Enums/E_WeaponNames.uasset" 578
"E:/UnrealProjects/SteamTest/Content/FirstPerson/Blueprints/Enums/E_WeaponNames.uexp" 579
"E:/UnrealProjects/SteamTest/Content/FirstPerson/Blueprints/Enums/E_WeaponTypes.uasset" 580
"E:/UnrealProjects/SteamTest/Content/FirstPerson/Blueprints/Enums/E_WeaponTypes.uexp" 581
"E:/UnrealProjects/SteamTest/Content/FirstPerson/Blueprints/Enums/E_AmmoTypes.uasset" 582
"E:/UnrealProjects/SteamTest/Content/FirstPerson/Blueprints/Enums/E_AmmoTypes.uexp" 583
"E:/UnrealProjects/SteamTest/Content/FirstPerson/Blueprints/Weapons/BP_WeaponBase.uasset" 584
"E:/UnrealProjects/SteamTest/Content/FirstPerson/Blueprints/Weapons/BP_WeaponBase.uexp" 585
"E:/UnrealProjects/SteamTest/Content/FirstPerson/Blueprints/Interfaces/I_PawnActionsTest.uasset" 586
"E:/UnrealProjects/SteamTest/Content/FirstPerson/Blueprints/Interfaces/I_PawnActionsTest.uexp" 587
"E:/UnrealProjects/SteamTest/Content/FirstPerson/Blueprints/Enums/E_EquipedWeapon.uasset" 588
"E:/UnrealProjects/SteamTest/Content/FirstPerson/Blueprints/Enums/E_EquipedWeapon.uexp" 589
"E:/UnrealProjects/SteamTest/Content/FirstPerson/UI/WB_CrossHair.uasset" 590
"E:/UnrealProjects/SteamTest/Content/FirstPerson/UI/WB_CrossHair.uexp" 591
"E:/UnrealProjects/SteamTest/Content/FirstPerson/Material/MAT_Red.uasset" 592
"E:/UnrealProjects/SteamTest/Content/FirstPerson/Material/MAT_Red.uexp" 593
"E:/UnrealProjects/SteamTest/Content/FirstPerson/Material/MAT_White.uasset" 594
"E:/UnrealProjects/SteamTest/Content/FirstPerson/Material/MAT_White.uexp" 595
"E:/UnrealProjects/SteamTest/Content/FirstPerson/Material/MAT_Orange.uasset" 596
"E:/UnrealProjects/SteamTest/Content/FirstPerson/Material/MAT_Orange.uexp" 597
"E:/UnrealProjects/SteamTest/Content/FirstPerson/Models/CubeCharacter1.uasset" 598
"E:/UnrealProjects/SteamTest/Content/FirstPerson/Models/CubeCharacter1.uexp" 599
"E:/UnrealProjects/SteamTest/Content/FirstPerson/UI/Widgets/WB_ErrorMessage.uasset" 600
"E:/UnrealProjects/SteamTest/Content/FirstPerson/UI/Widgets/WB_ErrorMessage.uexp" 601
"E:/UnrealProjects/SteamTest/Content/FirstPerson/Blueprints/OnlineSubsystem/Blueprints/GI_Online.uasset" 602
"E:/UnrealProjects/SteamTest/Content/FirstPerson/Blueprints/OnlineSubsystem/Blueprints/GI_Online.uexp" 603
"E:/UnrealProjects/SteamTest/Content/FirstPerson/Blueprints/PlayerController/BP_testPlayerController.uasset" 604
"E:/UnrealProjects/SteamTest/Content/FirstPerson/Blueprints/PlayerController/BP_testPlayerController.uexp" 605
"E:/UnrealProjects/SteamTest/Content/FirstPerson/Blueprints/PlayerCharacter/BP_TestFPSCharacter.uasset" 606
"E:/UnrealProjects/SteamTest/Content/FirstPerson/Blueprints/PlayerCharacter/BP_TestFPSCharacter.uexp" 607
"E:/UnrealProjects/SteamTest/Content/FirstPerson/Blueprints/GameModes/BP_GM_Base.uasset" 608
"E:/UnrealProjects/SteamTest/Content/FirstPerson/Blueprints/GameModes/BP_GM_Base.uexp" 609
"../../../Engine/Content/EngineSky/M_SimpleSkyDome.uasset" 610
"../../../Engine/Content/EngineSky/M_SimpleSkyDome.uexp" 611
"E:/UnrealProjects/SteamTest/Content/FirstPerson/Maps/FPSLevel/TestLevel_LaunchGame.uexp" 612
"E:/UnrealProjects/SteamTest/Content/FirstPerson/Maps/FPSLevel/TestLevel_LaunchGame.umap" 613
"../../../Engine/Content/Functions/Engine_MaterialFunctions03/Blends/Blend_Overlay.uasset" 614
"../../../Engine/Content/Functions/Engine_MaterialFunctions03/Blends/Blend_Overlay.uexp" 615
"../../../Engine/Content/OpenWorldTemplate/LandscapeMaterial/T_GridChecker_A.ubulk" 616
"../../../Engine/Content/OpenWorldTemplate/LandscapeMaterial/T_GridChecker_A.uasset" 617
"../../../Engine/Content/OpenWorldTemplate/LandscapeMaterial/T_GridChecker_A.uexp" 618
"../../../Engine/Content/Functions/Engine_MaterialFunctions01/Gradient/LinearGradient.uasset" 619
"../../../Engine/Content/Functions/Engine_MaterialFunctions01/Gradient/LinearGradient.uexp" 620
"../../../Engine/Content/Functions/Engine_MaterialFunctions01/ImageAdjustment/CheapContrast.uasset" 621
"../../../Engine/Content/Functions/Engine_MaterialFunctions01/ImageAdjustment/CheapContrast.uexp" 622
"../../../Engine/Content/OpenWorldTemplate/LandscapeMaterial/MF_ProcGrid.uasset" 623
"../../../Engine/Content/OpenWorldTemplate/LandscapeMaterial/MF_ProcGrid.uexp" 624
"../../../Engine/Content/OpenWorldTemplate/LandscapeMaterial/M_ProcGrid.uasset" 625
"../../../Engine/Content/OpenWorldTemplate/LandscapeMaterial/M_ProcGrid.uexp" 626
"../../../Engine/Content/OpenWorldTemplate/LandscapeMaterial/MI_ProcGrid.uasset" 627
"../../../Engine/Content/OpenWorldTemplate/LandscapeMaterial/MI_ProcGrid.uexp" 628
"E:/UnrealProjects/SteamTest/Content/FirstPerson/UI/Widgets/WB_HostMatch.uasset" 629
"E:/UnrealProjects/SteamTest/Content/FirstPerson/UI/Widgets/WB_HostMatch.uexp" 630
"E:/UnrealProjects/SteamTest/Content/FirstPerson/UI/Widgets/SessionResult_UI.uasset" 631
"E:/UnrealProjects/SteamTest/Content/FirstPerson/UI/Widgets/SessionResult_UI.uexp" 632
"E:/UnrealProjects/SteamTest/Content/FirstPerson/UI/Widgets/WB_JoinMatch.uasset" 633
"E:/UnrealProjects/SteamTest/Content/FirstPerson/UI/Widgets/WB_JoinMatch.uexp" 634
"E:/UnrealProjects/SteamTest/Content/FirstPerson/UI/Widgets/WB_Option.uasset" 635
"E:/UnrealProjects/SteamTest/Content/FirstPerson/UI/Widgets/WB_Option.uexp" 636
"E:/UnrealProjects/SteamTest/Content/FirstPerson/UI/Widgets/MainMenu_UI.uasset" 637
"E:/UnrealProjects/SteamTest/Content/FirstPerson/UI/Widgets/MainMenu_UI.uexp" 638
"E:/UnrealProjects/SteamTest/Content/FirstPerson/Maps/FPSLevel/MainMenu_BuiltData.ubulk" 639
"E:/UnrealProjects/SteamTest/Content/FirstPerson/Maps/FPSLevel/MainMenu_BuiltData.uasset" 640
"E:/UnrealProjects/SteamTest/Content/FirstPerson/Maps/FPSLevel/MainMenu_BuiltData.uexp" 641
"E:/UnrealProjects/SteamTest/Content/FirstPerson/Blueprints/OnlineSubsystem/Blueprints/PlayerController/MainMenuPC.uasset" 642
"E:/UnrealProjects/SteamTest/Content/FirstPerson/Blueprints/OnlineSubsystem/Blueprints/PlayerController/MainMenuPC.uexp" 643
"E:/UnrealProjects/SteamTest/Content/FirstPerson/Blueprints/OnlineSubsystem/Blueprints/GameMode/MainMenuGameMode.uasset" 644
"E:/UnrealProjects/SteamTest/Content/FirstPerson/Blueprints/OnlineSubsystem/Blueprints/GameMode/MainMenuGameMode.uexp" 645
"E:/UnrealProjects/SteamTest/Content/FirstPerson/Maps/FPSLevel/MainMenu.uexp" 646
"E:/UnrealProjects/SteamTest/Content/FirstPerson/Maps/FPSLevel/MainMenu.umap" 647
"E:/UnrealProjects/SteamTest/Content/FirstPerson/Blueprints/FunctionLibrary/BP_FunctionLibrary.uasset" 648
"E:/UnrealProjects/SteamTest/Content/FirstPerson/Blueprints/FunctionLibrary/BP_FunctionLibrary.uexp" 649
"E:/UnrealProjects/SteamTest/Content/FirstPerson/UI/Widgets/WB_InTeam.uasset" 650
"E:/UnrealProjects/SteamTest/Content/FirstPerson/UI/Widgets/WB_InTeam.uexp" 651
"E:/UnrealProjects/SteamTest/Content/FirstPerson/Blueprints/PlayerController/BP_LobbyPC.uasset" 652
"E:/UnrealProjects/SteamTest/Content/FirstPerson/Blueprints/PlayerController/BP_LobbyPC.uexp" 653
"E:/UnrealProjects/SteamTest/Content/FirstPerson/UI/Widgets/WB_LobbyScreen.uasset" 654
"E:/UnrealProjects/SteamTest/Content/FirstPerson/UI/Widgets/WB_LobbyScreen.uexp" 655
"E:/UnrealProjects/SteamTest/Content/FirstPerson/Blueprints/GameModes/Lobby/BP_GS_Lobby.uasset" 656
"E:/UnrealProjects/SteamTest/Content/FirstPerson/Blueprints/GameModes/Lobby/BP_GS_Lobby.uexp" 657
"E:/UnrealProjects/SteamTest/Content/FirstPerson/Blueprints/GameModes/Lobby/BP_GM_Lobby.uasset" 658
"E:/UnrealProjects/SteamTest/Content/FirstPerson/Blueprints/GameModes/Lobby/BP_GM_Lobby.uexp" 659
"../../../Engine/Content/Functions/Engine_MaterialFunctions01/Shading/ConvertFromDiffSpec.uasset" 660
"../../../Engine/Content/Functions/Engine_MaterialFunctions01/Shading/ConvertFromDiffSpec.uexp" 661
"../../../Engine/Content/EngineMaterials/DefaultNormal.ubulk" 662
"../../../Engine/Content/EngineMaterials/DefaultNormal.uasset" 663
"../../../Engine/Content/EngineMaterials/DefaultNormal.uexp" 664
"../../../Engine/Content/MaterialTemplates/VertexAnimation/AdvancedFlag.uasset" 665
"../../../Engine/Content/MaterialTemplates/VertexAnimation/AdvancedFlag.uexp" 666
"../../../Engine/Content/EngineMaterials/DefaultPhysicalMaterial.uasset" 667
"../../../Engine/Content/EngineMaterials/DefaultPhysicalMaterial.uexp" 668
"E:/UnrealProjects/SteamTest/Content/FirstPerson/Maps/FPSLevel/Lobby_BuiltData.ubulk" 669
"E:/UnrealProjects/SteamTest/Content/FirstPerson/Maps/FPSLevel/Lobby_BuiltData.uasset" 670
"E:/UnrealProjects/SteamTest/Content/FirstPerson/Maps/FPSLevel/Lobby_BuiltData.uexp" 671
"E:/UnrealProjects/SteamTest/Content/FirstPerson/Maps/FPSLevel/Lobby.uexp" 672
"E:/UnrealProjects/SteamTest/Content/FirstPerson/Maps/FPSLevel/Lobby.ubulk" 673
"E:/UnrealProjects/SteamTest/Content/FirstPerson/Maps/FPSLevel/Lobby.umap" 674
